==27882== Memcheck, a memory error detector
==27882== Copyright (C) 2002-2017, and GNU GPL'd, by Julian Seward et al.
==27882== Using Valgrind-3.15.0 and LibVEX; rerun with -h for copyright info
==27882== Command: ./LLIterTest.out
==27882== Parent PID: 27759
==27882== 
==27882== Use of uninitialised value of size 8
==27882==    at 0x10AA56: LinkedListRemoveTailTest3 (TestLinkedListMain.c:522)
==27882==    by 0x1099B2: main (TestLinkedListMain.c:47)
==27882==  Uninitialised value was created by a stack allocation
==27882==    at 0x10A9AA: LinkedListRemoveTailTest3 (TestLinkedListMain.c:505)
==27882== 
==27882== Conditional jump or move depends on uninitialised value(s)
==27882==    at 0x10AA5D: LinkedListRemoveTailTest3 (TestLinkedListMain.c:522)
==27882==    by 0x1099B2: main (TestLinkedListMain.c:47)
==27882==  Uninitialised value was created by a stack allocation
==27882==    at 0x10AA52: LinkedListRemoveTailTest3 (TestLinkedListMain.c:522)
==27882== 
==27882== 
==27882== HEAP SUMMARY:
==27882==     in use at exit: 0 bytes in 0 blocks
==27882==   total heap usage: 60 allocs, 60 frees, 2,704 bytes allocated
==27882== 
==27882== All heap blocks were freed -- no leaks are possible
==27882== 
==27882== ERROR SUMMARY: 2 errors from 2 contexts (suppressed: 0 from 0)
==27882== 
==27882== 1 errors in context 1 of 2:
==27882== Conditional jump or move depends on uninitialised value(s)
==27882==    at 0x10AA5D: LinkedListRemoveTailTest3 (TestLinkedListMain.c:522)
==27882==    by 0x1099B2: main (TestLinkedListMain.c:47)
==27882==  Uninitialised value was created by a stack allocation
==27882==    at 0x10AA52: LinkedListRemoveTailTest3 (TestLinkedListMain.c:522)
==27882== 
==27882== 
==27882== 1 errors in context 2 of 2:
==27882== Use of uninitialised value of size 8
==27882==    at 0x10AA56: LinkedListRemoveTailTest3 (TestLinkedListMain.c:522)
==27882==    by 0x1099B2: main (TestLinkedListMain.c:47)
==27882==  Uninitialised value was created by a stack allocation
==27882==    at 0x10A9AA: LinkedListRemoveTailTest3 (TestLinkedListMain.c:505)
==27882== 
==27882== ERROR SUMMARY: 2 errors from 2 contexts (suppressed: 0 from 0)


/* Important: The errors has occured on the test and not on the other modules */